#
# There is insufficient memory for the Java Runtime Environment to continue.
# Native memory allocation (malloc) failed to allocate 1051136 bytes for Chunk::new
# Possible reasons:
#   The system is out of physical RAM or swap space
#   The process is running with CompressedOops enabled, and the Java Heap may be blocking the growth of the native heap
# Possible solutions:
#   Reduce memory load on the system
#   Increase physical memory or swap space
#   Check if swap backing store is full
#   Decrease Java heap size (-Xmx/-Xms)
#   Decrease number of Java threads
#   Decrease Java thread stack sizes (-Xss)
#   Set larger code cache with -XX:ReservedCodeCacheSize=
#   JVM is running with Unscaled Compressed Oops mode in which the Java heap is
#     placed in the first 4GB address space. The Java Heap base address is the
#     maximum limit for the native heap growth. Please use -XX:HeapBaseMinAddress
#     to set the Java Heap base and to place the Java Heap above 4GB virtual address.
# This output file may be truncated or incomplete.
#
#  Out of Memory Error (arena.cpp:189), pid=12912, tid=7904
#
# JRE version: Java(TM) SE Runtime Environment (17.0.2+8) (build 17.0.2+8-LTS-86)
# Java VM: Java HotSpot(TM) 64-Bit Server VM (17.0.2+8-LTS-86, mixed mode, sharing, tiered, compressed oops, compressed class ptrs, g1 gc, windows-amd64)
# No core dump will be written. Minidumps are not enabled by default on client versions of Windows
#

---------------  S U M M A R Y ------------

Command Line: -Xmx64m -Xms64m -Dorg.gradle.appname=gradlew org.gradle.wrapper.GradleWrapperMain app:installDebug -PreactNativeDevServerPort=8081

Host: Intel(R) Core(TM) i3-3120M CPU @ 2.50GHz, 4 cores, 3G,  Windows 10 , 64 bit Build 19041 (10.0.19041.5438)
Time: Thu Mar 27 17:01:31 2025 Hora estándar de Argentina elapsed time: 240.863122 seconds (0d 0h 4m 0s)

---------------  T H R E A D  ---------------

Current thread (0x0000013f1c010780):  JavaThread "C2 CompilerThread0" daemon [_thread_in_native, id=7904, stack(0x000000269b500000,0x000000269b600000)]


Current CompileTask:
C2: 240863 1882       4       org.gradle.internal.logging.console.WorkInProgressRenderer::renderNow (351 bytes)

Stack: [0x000000269b500000,0x000000269b600000]
Native frames: (J=compiled Java code, j=interpreted, Vv=VM code, C=native code)
V  [jvm.dll+0x670baa]
V  [jvm.dll+0x7cfcb4]
V  [jvm.dll+0x7d145e]
V  [jvm.dll+0x7d1ac3]
V  [jvm.dll+0x242bc5]
V  [jvm.dll+0xaa57b]
V  [jvm.dll+0xaab0c]
V  [jvm.dll+0x2a991f]
V  [jvm.dll+0x5792d9]
V  [jvm.dll+0x21de3d]
V  [jvm.dll+0x217679]
V  [jvm.dll+0x214fab]
V  [jvm.dll+0x1a1bbd]
V  [jvm.dll+0x224908]
V  [jvm.dll+0x222a6c]
V  [jvm.dll+0x7859bb]
V  [jvm.dll+0x77ff7a]
V  [jvm.dll+0x66fa35]
C  [ucrtbase.dll+0x21bb2]
C  [KERNEL32.DLL+0x17374]
C  [ntdll.dll+0x4cc91]


---------------  P R O C E S S  ---------------

Threads class SMR info:
_java_thread_list=0x0000013f1d749c40, length=15, elements={
0x0000013f010ac3b0, 0x0000013f1bfef0c0, 0x0000013f0324d540, 0x0000013f1c004440,
0x0000013f1c007e10, 0x0000013f1c0087c0, 0x0000013f1c00a590, 0x0000013f1c010780,
0x0000013f1c013230, 0x0000013f1c01e400, 0x0000013f1cc337e0, 0x0000013f1cc3bcf0,
0x0000013f1cf9a620, 0x0000013f1d681420, 0x0000013f1d8af760
}

Java Threads: ( => current thread )
  0x0000013f010ac3b0 JavaThread "main" [_thread_in_native, id=7560, stack(0x000000269a800000,0x000000269a900000)]
  0x0000013f1bfef0c0 JavaThread "Reference Handler" daemon [_thread_blocked, id=11316, stack(0x000000269af00000,0x000000269b000000)]
  0x0000013f0324d540 JavaThread "Finalizer" daemon [_thread_blocked, id=12412, stack(0x000000269b000000,0x000000269b100000)]
  0x0000013f1c004440 JavaThread "Signal Dispatcher" daemon [_thread_blocked, id=11572, stack(0x000000269b100000,0x000000269b200000)]
  0x0000013f1c007e10 JavaThread "Attach Listener" daemon [_thread_blocked, id=13516, stack(0x000000269b200000,0x000000269b300000)]
  0x0000013f1c0087c0 JavaThread "Service Thread" daemon [_thread_blocked, id=9952, stack(0x000000269b300000,0x000000269b400000)]
  0x0000013f1c00a590 JavaThread "Monitor Deflation Thread" daemon [_thread_blocked, id=4532, stack(0x000000269b400000,0x000000269b500000)]
=>0x0000013f1c010780 JavaThread "C2 CompilerThread0" daemon [_thread_in_native, id=7904, stack(0x000000269b500000,0x000000269b600000)]
  0x0000013f1c013230 JavaThread "C1 CompilerThread0" daemon [_thread_blocked, id=3560, stack(0x000000269b600000,0x000000269b700000)]
  0x0000013f1c01e400 JavaThread "Sweeper thread" daemon [_thread_blocked, id=8152, stack(0x000000269b700000,0x000000269b800000)]
  0x0000013f1cc337e0 JavaThread "Notification Thread" daemon [_thread_blocked, id=4404, stack(0x000000269b800000,0x000000269b900000)]
  0x0000013f1cc3bcf0 JavaThread "Common-Cleaner" daemon [_thread_blocked, id=5360, stack(0x000000269ba00000,0x000000269bb00000)]
  0x0000013f1cf9a620 JavaThread "pool-1-thread-1" [_thread_blocked, id=5948, stack(0x000000269be00000,0x000000269bf00000)]
  0x0000013f1d681420 JavaThread "DisconnectableInputStream source reader" daemon [_thread_in_native, id=9716, stack(0x000000269c000000,0x000000269c100000)]
  0x0000013f1d8af760 JavaThread "Forward input" [_thread_blocked, id=9356, stack(0x000000269c100000,0x000000269c200000)]

Other Threads:
  0x0000013f03245a60 VMThread "VM Thread" [stack: 0x000000269ae00000,0x000000269af00000] [id=6412]
  0x0000013f031a0870 WatcherThread [stack: 0x000000269b900000,0x000000269ba00000] [id=12780]
  0x0000013f03197f20 GCTaskThread "GC Thread#0" [stack: 0x000000269a900000,0x000000269aa00000] [id=9108]
  0x0000013f1d052910 GCTaskThread "GC Thread#1" [stack: 0x000000269bb00000,0x000000269bc00000] [id=12728]
  0x0000013f1cf940a0 GCTaskThread "GC Thread#2" [stack: 0x000000269bc00000,0x000000269bd00000] [id=8108]
  0x0000013f1cf94350 GCTaskThread "GC Thread#3" [stack: 0x000000269bd00000,0x000000269be00000] [id=8052]
  0x0000013f03199660 ConcurrentGCThread "G1 Main Marker" [stack: 0x000000269aa00000,0x000000269ab00000] [id=1236]
  0x0000013f0319a070 ConcurrentGCThread "G1 Conc#0" [stack: 0x000000269ab00000,0x000000269ac00000] [id=3376]
  0x0000013f031e8f40 ConcurrentGCThread "G1 Refine#0" [stack: 0x000000269ac00000,0x000000269ad00000] [id=1940]
  0x0000013f031e9960 ConcurrentGCThread "G1 Service" [stack: 0x000000269ad00000,0x000000269ae00000] [id=6096]

Threads with active compile tasks:
C2 CompilerThread0   241085 1882       4       org.gradle.internal.logging.console.WorkInProgressRenderer::renderNow (351 bytes)

VM state: not at safepoint (normal execution)

VM Mutex/Monitor currently owned by a thread: None

Heap address: 0x00000000fc000000, size: 64 MB, Compressed Oops mode: 32-bit

CDS archive(s) mapped at: [0x0000000800000000-0x0000000800bc0000-0x0000000800bc0000), size 12320768, SharedBaseAddress: 0x0000000800000000, ArchiveRelocationMode: 0.
Compressed class space mapped at: 0x0000000800c00000-0x0000000840c00000, reserved size: 1073741824
Narrow klass base: 0x0000000800000000, Narrow klass shift: 0, Narrow klass range: 0x100000000

GC Precious Log:
 CPUs: 4 total, 4 available
 Memory: 3969M
 Large Page Support: Disabled
 NUMA Support: Disabled
 Compressed Oops: Enabled (32-bit)
 Heap Region Size: 1M
 Heap Min Capacity: 64M
 Heap Initial Capacity: 64M
 Heap Max Capacity: 64M
 Pre-touch: Disabled
 Parallel Workers: 4
 Concurrent Workers: 1
 Concurrent Refinement Workers: 4
 Periodic GC: Disabled

Heap:
 garbage-first heap   total 65536K, used 12016K [0x00000000fc000000, 0x0000000100000000)
  region size 1024K, 3 young (3072K), 2 survivors (2048K)
 Metaspace       used 9370K, committed 9536K, reserved 1064960K
  class space    used 1217K, committed 1280K, reserved 1048576K

Heap Regions: E=young(eden), S=young(survivor), O=old, HS=humongous(starts), HC=humongous(continues), CS=collection set, F=free, OA=open archive, CA=closed archive, TAMS=top-at-mark-start (previous, next)
|   0|0x00000000fc000000, 0x00000000fc100000, 0x00000000fc100000|100%| O|  |TAMS 0x00000000fc000000, 0x00000000fc000000| Untracked 
|   1|0x00000000fc100000, 0x00000000fc200000, 0x00000000fc200000|100%| O|  |TAMS 0x00000000fc100000, 0x00000000fc100000| Untracked 
|   2|0x00000000fc200000, 0x00000000fc300000, 0x00000000fc300000|100%|HS|  |TAMS 0x00000000fc200000, 0x00000000fc200000| Complete 
|   3|0x00000000fc300000, 0x00000000fc400000, 0x00000000fc400000|100%|HC|  |TAMS 0x00000000fc300000, 0x00000000fc300000| Complete 
|   4|0x00000000fc400000, 0x00000000fc500000, 0x00000000fc500000|100%|HC|  |TAMS 0x00000000fc400000, 0x00000000fc400000| Complete 
|   5|0x00000000fc500000, 0x00000000fc600000, 0x00000000fc600000|100%|HC|  |TAMS 0x00000000fc500000, 0x00000000fc500000| Complete 
|   6|0x00000000fc600000, 0x00000000fc700000, 0x00000000fc700000|100%| O|  |TAMS 0x00000000fc600000, 0x00000000fc600000| Untracked 
|   7|0x00000000fc700000, 0x00000000fc800000, 0x00000000fc800000|100%| O|  |TAMS 0x00000000fc700000, 0x00000000fc700000| Untracked 
|   8|0x00000000fc800000, 0x00000000fc900000, 0x00000000fc900000|100%| O|  |TAMS 0x00000000fc800000, 0x00000000fc800000| Untracked 
|   9|0x00000000fc900000, 0x00000000fca00000, 0x00000000fca00000|100%| O|  |TAMS 0x00000000fc900000, 0x00000000fc900000| Untracked 
|  10|0x00000000fca00000, 0x00000000fca8ba00, 0x00000000fcb00000| 54%| O|  |TAMS 0x00000000fca00000, 0x00000000fca00000| Untracked 
|  11|0x00000000fcb00000, 0x00000000fcb00000, 0x00000000fcc00000|  0%| F|  |TAMS 0x00000000fcb00000, 0x00000000fcb00000| Untracked 
|  12|0x00000000fcc00000, 0x00000000fcc00000, 0x00000000fcd00000|  0%| F|  |TAMS 0x00000000fcc00000, 0x00000000fcc00000| Untracked 
|  13|0x00000000fcd00000, 0x00000000fcd00000, 0x00000000fce00000|  0%| F|  |TAMS 0x00000000fcd00000, 0x00000000fcd00000| Untracked 
|  14|0x00000000fce00000, 0x00000000fce00000, 0x00000000fcf00000|  0%| F|  |TAMS 0x00000000fce00000, 0x00000000fce00000| Untracked 
|  15|0x00000000fcf00000, 0x00000000fcf00000, 0x00000000fd000000|  0%| F|  |TAMS 0x00000000fcf00000, 0x00000000fcf00000| Untracked 
|  16|0x00000000fd000000, 0x00000000fd000000, 0x00000000fd100000|  0%| F|  |TAMS 0x00000000fd000000, 0x00000000fd000000| Untracked 
|  17|0x00000000fd100000, 0x00000000fd100000, 0x00000000fd200000|  0%| F|  |TAMS 0x00000000fd100000, 0x00000000fd100000| Untracked 
|  18|0x00000000fd200000, 0x00000000fd200000, 0x00000000fd300000|  0%| F|  |TAMS 0x00000000fd200000, 0x00000000fd200000| Untracked 
|  19|0x00000000fd300000, 0x00000000fd300000, 0x00000000fd400000|  0%| F|  |TAMS 0x00000000fd300000, 0x00000000fd300000| Untracked 
|  20|0x00000000fd400000, 0x00000000fd400000, 0x00000000fd500000|  0%| F|  |TAMS 0x00000000fd400000, 0x00000000fd400000| Untracked 
|  21|0x00000000fd500000, 0x00000000fd500000, 0x00000000fd600000|  0%| F|  |TAMS 0x00000000fd500000, 0x00000000fd500000| Untracked 
|  22|0x00000000fd600000, 0x00000000fd600000, 0x00000000fd700000|  0%| F|  |TAMS 0x00000000fd600000, 0x00000000fd600000| Untracked 
|  23|0x00000000fd700000, 0x00000000fd700000, 0x00000000fd800000|  0%| F|  |TAMS 0x00000000fd700000, 0x00000000fd700000| Untracked 
|  24|0x00000000fd800000, 0x00000000fd800000, 0x00000000fd900000|  0%| F|  |TAMS 0x00000000fd800000, 0x00000000fd800000| Untracked 
|  25|0x00000000fd900000, 0x00000000fd900000, 0x00000000fda00000|  0%| F|  |TAMS 0x00000000fd900000, 0x00000000fd900000| Untracked 
|  26|0x00000000fda00000, 0x00000000fda00000, 0x00000000fdb00000|  0%| F|  |TAMS 0x00000000fda00000, 0x00000000fda00000| Untracked 
|  27|0x00000000fdb00000, 0x00000000fdb00000, 0x00000000fdc00000|  0%| F|  |TAMS 0x00000000fdb00000, 0x00000000fdb00000| Untracked 
|  28|0x00000000fdc00000, 0x00000000fdc00000, 0x00000000fdd00000|  0%| F|  |TAMS 0x00000000fdc00000, 0x00000000fdc00000| Untracked 
|  29|0x00000000fdd00000, 0x00000000fdd00000, 0x00000000fde00000|  0%| F|  |TAMS 0x00000000fdd00000, 0x00000000fdd00000| Untracked 
|  30|0x00000000fde00000, 0x00000000fde00000, 0x00000000fdf00000|  0%| F|  |TAMS 0x00000000fde00000, 0x00000000fde00000| Untracked 
|  31|0x00000000fdf00000, 0x00000000fdf00000, 0x00000000fe000000|  0%| F|  |TAMS 0x00000000fdf00000, 0x00000000fdf00000| Untracked 
|  32|0x00000000fe000000, 0x00000000fe000000, 0x00000000fe100000|  0%| F|  |TAMS 0x00000000fe000000, 0x00000000fe000000| Untracked 
|  33|0x00000000fe100000, 0x00000000fe100000, 0x00000000fe200000|  0%| F|  |TAMS 0x00000000fe100000, 0x00000000fe100000| Untracked 
|  34|0x00000000fe200000, 0x00000000fe200000, 0x00000000fe300000|  0%| F|  |TAMS 0x00000000fe200000, 0x00000000fe200000| Untracked 
|  35|0x00000000fe300000, 0x00000000fe300000, 0x00000000fe400000|  0%| F|  |TAMS 0x00000000fe300000, 0x00000000fe300000| Untracked 
|  36|0x00000000fe400000, 0x00000000fe400000, 0x00000000fe500000|  0%| F|  |TAMS 0x00000000fe400000, 0x00000000fe400000| Untracked 
|  37|0x00000000fe500000, 0x00000000fe500000, 0x00000000fe600000|  0%| F|  |TAMS 0x00000000fe500000, 0x00000000fe500000| Untracked 
|  38|0x00000000fe600000, 0x00000000fe600000, 0x00000000fe700000|  0%| F|  |TAMS 0x00000000fe600000, 0x00000000fe600000| Untracked 
|  39|0x00000000fe700000, 0x00000000fe700000, 0x00000000fe800000|  0%| F|  |TAMS 0x00000000fe700000, 0x00000000fe700000| Untracked 
|  40|0x00000000fe800000, 0x00000000fe8308e0, 0x00000000fe900000| 18%| S|CS|TAMS 0x00000000fe800000, 0x00000000fe800000| Complete 
|  41|0x00000000fe900000, 0x00000000fea00000, 0x00000000fea00000|100%| S|CS|TAMS 0x00000000fe900000, 0x00000000fe900000| Complete 
|  42|0x00000000fea00000, 0x00000000fea00000, 0x00000000feb00000|  0%| F|  |TAMS 0x00000000fea00000, 0x00000000fea00000| Untracked 
|  43|0x00000000feb00000, 0x00000000feb00000, 0x00000000fec00000|  0%| F|  |TAMS 0x00000000feb00000, 0x00000000feb00000| Untracked 
|  44|0x00000000fec00000, 0x00000000fec00000, 0x00000000fed00000|  0%| F|  |TAMS 0x00000000fec00000, 0x00000000fec00000| Untracked 
|  45|0x00000000fed00000, 0x00000000fed00000, 0x00000000fee00000|  0%| F|  |TAMS 0x00000000fed00000, 0x00000000fed00000| Untracked 
|  46|0x00000000fee00000, 0x00000000fee00000, 0x00000000fef00000|  0%| F|  |TAMS 0x00000000fee00000, 0x00000000fee00000| Untracked 
|  47|0x00000000fef00000, 0x00000000fef00000, 0x00000000ff000000|  0%| F|  |TAMS 0x00000000fef00000, 0x00000000fef00000| Untracked 
|  48|0x00000000ff000000, 0x00000000ff000000, 0x00000000ff100000|  0%| F|  |TAMS 0x00000000ff000000, 0x00000000ff000000| Untracked 
|  49|0x00000000ff100000, 0x00000000ff100000, 0x00000000ff200000|  0%| F|  |TAMS 0x00000000ff100000, 0x00000000ff100000| Untracked 
|  50|0x00000000ff200000, 0x00000000ff200000, 0x00000000ff300000|  0%| F|  |TAMS 0x00000000ff200000, 0x00000000ff200000| Untracked 
|  51|0x00000000ff300000, 0x00000000ff300000, 0x00000000ff400000|  0%| F|  |TAMS 0x00000000ff300000, 0x00000000ff300000| Untracked 
|  52|0x00000000ff400000, 0x00000000ff400000, 0x00000000ff500000|  0%| F|  |TAMS 0x00000000ff400000, 0x00000000ff400000| Untracked 
|  53|0x00000000ff500000, 0x00000000ff500000, 0x00000000ff600000|  0%| F|  |TAMS 0x00000000ff500000, 0x00000000ff500000| Untracked 
|  54|0x00000000ff600000, 0x00000000ff600000, 0x00000000ff700000|  0%| F|  |TAMS 0x00000000ff600000, 0x00000000ff600000| Untracked 
|  55|0x00000000ff700000, 0x00000000ff700000, 0x00000000ff800000|  0%| F|  |TAMS 0x00000000ff700000, 0x00000000ff700000| Untracked 
|  56|0x00000000ff800000, 0x00000000ff800000, 0x00000000ff900000|  0%| F|  |TAMS 0x00000000ff800000, 0x00000000ff800000| Untracked 
|  57|0x00000000ff900000, 0x00000000ff900000, 0x00000000ffa00000|  0%| F|  |TAMS 0x00000000ff900000, 0x00000000ff900000| Untracked 
|  58|0x00000000ffa00000, 0x00000000ffa00000, 0x00000000ffb00000|  0%| F|  |TAMS 0x00000000ffa00000, 0x00000000ffa00000| Untracked 
|  59|0x00000000ffb00000, 0x00000000ffb00000, 0x00000000ffc00000|  0%| F|  |TAMS 0x00000000ffb00000, 0x00000000ffb00000| Untracked 
|  60|0x00000000ffc00000, 0x00000000ffc00000, 0x00000000ffd00000|  0%| F|  |TAMS 0x00000000ffc00000, 0x00000000ffc00000| Untracked 
|  61|0x00000000ffd00000, 0x00000000ffd00000, 0x00000000ffe00000|  0%| F|  |TAMS 0x00000000ffd00000, 0x00000000ffd00000| Untracked 
|  62|0x00000000ffe00000, 0x00000000ffe00000, 0x00000000fff00000|  0%| F|  |TAMS 0x00000000ffe00000, 0x00000000ffe00000| Untracked 
|  63|0x00000000fff00000, 0x00000000ffff8148, 0x0000000100000000| 96%| E|  |TAMS 0x00000000fff00000, 0x00000000fff00000| Complete 

Card table byte_map: [0x0000013f01160000,0x0000013f01180000] _byte_map_base: 0x0000013f00980000

Marking Bits (Prev, Next): (CMBitMap*) 0x0000013f03198530, (CMBitMap*) 0x0000013f03198570
 Prev Bits: [0x0000013f02f70000, 0x0000013f03070000)
 Next Bits: [0x0000013f199d0000, 0x0000013f19ad0000)

Polling page: 0x0000013f01110000

Metaspace:

Usage:
  Non-class:      7.96 MB used.
      Class:      1.19 MB used.
       Both:      9.15 MB used.

Virtual space:
  Non-class space:       16.00 MB reserved,       8.06 MB ( 50%) committed,  2 nodes.
      Class space:        1.00 GB reserved,       1.25 MB ( <1%) committed,  1 nodes.
             Both:        1.02 GB reserved,       9.31 MB ( <1%) committed. 

Chunk freelists:
   Non-Class:  3.62 MB
       Class:  2.63 MB
        Both:  6.26 MB

MaxMetaspaceSize: unlimited
CompressedClassSpaceSize: 1.00 GB
Initial GC threshold: 21.00 MB
Current GC threshold: 21.00 MB
CDS: on
MetaspaceReclaimPolicy: balanced
 - commit_granule_bytes: 65536.
 - commit_granule_words: 8192.
 - virtual_space_node_default_size: 1048576.
 - enlarge_chunks_in_place: 1.
 - new_chunks_are_fully_committed: 0.
 - uncommit_free_chunks: 1.
 - use_allocation_guard: 0.
 - handle_deallocations: 1.


Internal statistics:

num_allocs_failed_limit: 0.
num_arena_births: 80.
num_arena_deaths: 0.
num_vsnodes_births: 3.
num_vsnodes_deaths: 0.
num_space_committed: 149.
num_space_uncommitted: 0.
num_chunks_returned_to_freelist: 0.
num_chunks_taken_from_freelist: 338.
num_chunk_merges: 0.
num_chunk_splits: 227.
num_chunks_enlarged: 188.
num_purges: 0.
num_inconsistent_stats: 0.

CodeHeap 'non-profiled nmethods': size=120000Kb used=843Kb max_used=843Kb free=119156Kb
 bounds [0x0000013f124a0000, 0x0000013f12710000, 0x0000013f199d0000]
CodeHeap 'profiled nmethods': size=120000Kb used=3501Kb max_used=3501Kb free=116498Kb
 bounds [0x0000013f0af70000, 0x0000013f0b2e0000, 0x0000013f124a0000]
CodeHeap 'non-nmethods': size=5760Kb used=1172Kb max_used=1217Kb free=4587Kb
 bounds [0x0000013f0a9d0000, 0x0000013f0ac40000, 0x0000013f0af70000]
 total_blobs=2348 nmethods=1879 adapters=382
 compilation: enabled
              stopped_count=0, restarted_count=0
 full_count=0

Compilation events (20 events):
Event: 228.566 Thread 0x0000013f1c013230 1873       3       com.esotericsoftware.kryo.io.Input::require (220 bytes)
Event: 228.568 Thread 0x0000013f1c013230 nmethod 1873 0x0000013f0b2da010 code [0x0000013f0b2da2a0, 0x0000013f0b2dac58]
Event: 228.605 Thread 0x0000013f1c010780 nmethod 1870 0x0000013f1256ec10 code [0x0000013f1256edc0, 0x0000013f1256f718]
Event: 229.565 Thread 0x0000013f1c013230 1874       3       org.gradle.internal.logging.console.WorkInProgressRenderer::attach (27 bytes)
Event: 229.566 Thread 0x0000013f1c013230 nmethod 1874 0x0000013f0b2daf90 code [0x0000013f0b2db160, 0x0000013f0b2db588]
Event: 230.590 Thread 0x0000013f1c010780 1875       4       java.lang.String::<init> (14 bytes)
Event: 230.602 Thread 0x0000013f1c010780 nmethod 1875 0x0000013f1256fa90 code [0x0000013f1256fc20, 0x0000013f12570138]
Event: 230.603 Thread 0x0000013f1c010780 1877       4       com.esotericsoftware.kryo.io.Input::readUtf8 (90 bytes)
Event: 230.639 Thread 0x0000013f1c010780 nmethod 1877 0x0000013f12570390 code [0x0000013f12570540, 0x0000013f12570ca8]
Event: 230.640 Thread 0x0000013f1c010780 1876       4       com.esotericsoftware.kryo.io.Input::readUtf8Length (139 bytes)
Event: 230.641 Thread 0x0000013f1c010780 nmethod 1876 0x0000013f12571110 code [0x0000013f12571280, 0x0000013f12571398]
Event: 230.701 Thread 0x0000013f1c010780 1878 %     4       java.lang.StringCoding::implEncodeAsciiArray @ 3 (47 bytes)
Event: 230.716 Thread 0x0000013f1c010780 nmethod 1878% 0x0000013f12571490 code [0x0000013f12571620, 0x0000013f12571a78]
Event: 231.339 Thread 0x0000013f1c010780 1879       4       java.util.HashMap$HashIterator::nextNode (100 bytes)
Event: 231.352 Thread 0x0000013f1c010780 nmethod 1879 0x0000013f12571c10 code [0x0000013f12571da0, 0x0000013f12572178]
Event: 234.653 Thread 0x0000013f1c010780 1880       4       java.util.concurrent.ThreadPoolExecutor::beforeExecute (1 bytes)
Event: 234.654 Thread 0x0000013f1c010780 nmethod 1880 0x0000013f12572310 code [0x0000013f12572480, 0x0000013f125724f8]
Event: 240.130 Thread 0x0000013f1c010780 1881       4       com.esotericsoftware.kryo.io.Input::require (220 bytes)
Event: 240.136 Thread 0x0000013f1c010780 nmethod 1881 0x0000013f12572610 code [0x0000013f125727a0, 0x0000013f12572ab8]
Event: 240.439 Thread 0x0000013f1c010780 1882       4       org.gradle.internal.logging.console.WorkInProgressRenderer::renderNow (351 bytes)

GC Heap History (6 events):
Event: 2.775 GC heap before
{Heap before GC invocations=0 (full 0):
 garbage-first heap   total 65536K, used 12288K [0x00000000fc000000, 0x0000000100000000)
  region size 1024K, 13 young (13312K), 0 survivors (0K)
 Metaspace       used 1753K, committed 1856K, reserved 1056768K
  class space    used 159K, committed 192K, reserved 1048576K
}
Event: 2.793 GC heap after
{Heap after GC invocations=1 (full 0):
 garbage-first heap   total 65536K, used 3580K [0x00000000fc000000, 0x0000000100000000)
  region size 1024K, 2 young (2048K), 2 survivors (2048K)
 Metaspace       used 1753K, committed 1856K, reserved 1056768K
  class space    used 159K, committed 192K, reserved 1048576K
}
Event: 4.464 GC heap before
{Heap before GC invocations=1 (full 0):
 garbage-first heap   total 65536K, used 23036K [0x00000000fc000000, 0x0000000100000000)
  region size 1024K, 17 young (17408K), 2 survivors (2048K)
 Metaspace       used 4902K, committed 5120K, reserved 1056768K
  class space    used 641K, committed 768K, reserved 1048576K
}
Event: 4.472 GC heap after
{Heap after GC invocations=2 (full 0):
 garbage-first heap   total 65536K, used 11188K [0x00000000fc000000, 0x0000000100000000)
  region size 1024K, 3 young (3072K), 3 survivors (3072K)
 Metaspace       used 4902K, committed 5120K, reserved 1056768K
  class space    used 641K, committed 768K, reserved 1048576K
}
Event: 228.781 GC heap before
{Heap before GC invocations=2 (full 0):
 garbage-first heap   total 65536K, used 30644K [0x00000000fc000000, 0x0000000100000000)
  region size 1024K, 22 young (22528K), 3 survivors (3072K)
 Metaspace       used 9370K, committed 9536K, reserved 1064960K
  class space    used 1217K, committed 1280K, reserved 1048576K
}
Event: 228.944 GC heap after
{Heap after GC invocations=3 (full 0):
 garbage-first heap   total 65536K, used 12016K [0x00000000fc000000, 0x0000000100000000)
  region size 1024K, 2 young (2048K), 2 survivors (2048K)
 Metaspace       used 9370K, committed 9536K, reserved 1064960K
  class space    used 1217K, committed 1280K, reserved 1048576K
}

Deoptimization events (20 events):
Event: 228.550 Thread 0x0000013f010ac3b0 Uncommon trap: trap_request=0xffffff45 fr.pc=0x0000013f125586a8 relative=0x0000000000000a28
Event: 228.550 Thread 0x0000013f010ac3b0 Uncommon trap: reason=unstable_if action=reinterpret pc=0x0000013f125586a8 method=com.esotericsoftware.kryo.io.Input.readUtf8(I)V @ 79 c2
Event: 228.550 Thread 0x0000013f010ac3b0 DEOPT PACKING pc=0x0000013f125586a8 sp=0x000000269a8fc9f0
Event: 228.550 Thread 0x0000013f010ac3b0 DEOPT UNPACKING pc=0x0000013f0aa223a3 sp=0x000000269a8fc868 mode 2
Event: 228.554 Thread 0x0000013f010ac3b0 Uncommon trap: trap_request=0xffffff45 fr.pc=0x0000013f12536924 relative=0x0000000000000504
Event: 228.554 Thread 0x0000013f010ac3b0 Uncommon trap: reason=unstable_if action=reinterpret pc=0x0000013f12536924 method=com.esotericsoftware.kryo.io.Input.readUtf8(I)V @ 79 c2
Event: 228.554 Thread 0x0000013f010ac3b0 DEOPT PACKING pc=0x0000013f12536924 sp=0x000000269a8fc8e0
Event: 228.554 Thread 0x0000013f010ac3b0 DEOPT UNPACKING pc=0x0000013f0aa223a3 sp=0x000000269a8fc878 mode 2
Event: 228.563 Thread 0x0000013f010ac3b0 Uncommon trap: trap_request=0xffffff45 fr.pc=0x0000013f125337c4 relative=0x00000000000001a4
Event: 228.563 Thread 0x0000013f010ac3b0 Uncommon trap: reason=unstable_if action=reinterpret pc=0x0000013f125337c4 method=com.esotericsoftware.kryo.io.Input.require(I)I @ 65 c2
Event: 228.563 Thread 0x0000013f010ac3b0 DEOPT PACKING pc=0x0000013f125337c4 sp=0x000000269a8fca00
Event: 228.563 Thread 0x0000013f010ac3b0 DEOPT UNPACKING pc=0x0000013f0aa223a3 sp=0x000000269a8fc9b0 mode 2
Event: 228.698 Thread 0x0000013f010ac3b0 DEOPT PACKING pc=0x0000013f0b2d9235 sp=0x000000269a8fc940
Event: 228.698 Thread 0x0000013f010ac3b0 DEOPT UNPACKING pc=0x0000013f0aa22b43 sp=0x000000269a8fbdd8 mode 0
Event: 229.390 Thread 0x0000013f010ac3b0 DEOPT PACKING pc=0x0000013f0b2d9235 sp=0x000000269a8fc940
Event: 229.390 Thread 0x0000013f010ac3b0 DEOPT UNPACKING pc=0x0000013f0aa22b43 sp=0x000000269a8fbdd8 mode 0
Event: 230.140 Thread 0x0000013f010ac3b0 DEOPT PACKING pc=0x0000013f0b2d9235 sp=0x000000269a8fc940
Event: 230.140 Thread 0x0000013f010ac3b0 DEOPT UNPACKING pc=0x0000013f0aa22b43 sp=0x000000269a8fbdd8 mode 0
Event: 230.591 Thread 0x0000013f010ac3b0 DEOPT PACKING pc=0x0000013f0b2d9235 sp=0x000000269a8fc940
Event: 230.591 Thread 0x0000013f010ac3b0 DEOPT UNPACKING pc=0x0000013f0aa22b43 sp=0x000000269a8fbdd8 mode 0

Classes unloaded (0 events):
No events

Classes redefined (0 events):
No events

Internal exceptions (20 events):
Event: 0.663 Thread 0x0000013f010ac3b0 Exception <a 'java/lang/NoSuchMethodError'{0x00000000ffdf48a8}: 'int java.lang.invoke.DirectMethodHandle$Holder.invokeStaticInit(java.lang.Object, java.lang.Object)'> (0x00000000ffdf48a8) 
thrown [t:\workspace\open\src\hotspot\share\interpreter\linkResolver.cpp, line 766]
Event: 4.018 Thread 0x0000013f010ac3b0 Exception <a 'java/lang/NoSuchMethodError'{0x00000000ff6791a8}: 'void java.lang.invoke.DirectMethodHandle$Holder.invokeStatic(java.lang.Object, java.lang.Object)'> (0x00000000ff6791a8) 
thrown [t:\workspace\open\src\hotspot\share\interpreter\linkResolver.cpp, line 766]
Event: 4.093 Thread 0x0000013f010ac3b0 Exception <a 'java/lang/NoClassDefFoundError'{0x00000000ff500ad0}: org/slf4j/impl/StaticMarkerBinder> (0x00000000ff500ad0) 
thrown [t:\workspace\open\src\hotspot\share\classfile\systemDictionary.cpp, line 245]
Event: 4.133 Thread 0x0000013f010ac3b0 Exception <a 'java/lang/NoSuchMethodError'{0x00000000ff5a8fe0}: 'java.lang.Object java.lang.invoke.DirectMethodHandle$Holder.invokeVirtual(java.lang.Object, java.lang.Object, java.lang.Object, java.lang.Object, java.lang.Object, java.lang.Object, java.lang.Object)'> (0x00000000ff5a8fe0) 
thrown [t:\workspace\open\src\hotspot\share\interpreter\linkResolver.cpp, line 766]
Event: 4.139 Thread 0x0000013f010ac3b0 Exception <a 'java/lang/NoSuchMethodError'{0x00000000ff5ba828}: 'java.lang.Object java.lang.invoke.Invokers$Holder.invoker(java.lang.Object, java.lang.Object, java.lang.Object)'> (0x00000000ff5ba828) 
thrown [t:\workspace\open\src\hotspot\share\interpreter\linkResolver.cpp, line 766]
Event: 4.143 Thread 0x0000013f010ac3b0 Exception <a 'java/lang/NoSuchMethodError'{0x00000000ff5c3960}: 'java.lang.Object java.lang.invoke.DirectMethodHandle$Holder.invokeStatic(java.lang.Object, java.lang.Object, int)'> (0x00000000ff5c3960) 
thrown [t:\workspace\open\src\hotspot\share\interpreter\linkResolver.cpp, line 766]
Event: 4.149 Thread 0x0000013f010ac3b0 Exception <a 'java/lang/NoSuchMethodError'{0x00000000ff5cf650}: 'void java.lang.invoke.DelegatingMethodHandle$Holder.delegate(java.lang.Object, java.lang.Object, int, java.lang.Object)'> (0x00000000ff5cf650) 
thrown [t:\workspace\open\src\hotspot\share\interpreter\linkResolver.cpp, line 766]
Event: 4.150 Thread 0x0000013f010ac3b0 Exception <a 'java/lang/NoSuchMethodError'{0x00000000ff5d3798}: 'int java.lang.invoke.DirectMethodHandle$Holder.invokeSpecial(java.lang.Object, java.lang.Object, java.lang.Object)'> (0x00000000ff5d3798) 
thrown [t:\workspace\open\src\hotspot\share\interpreter\linkResolver.cpp, line 766]
Event: 4.156 Thread 0x0000013f010ac3b0 Exception <a 'java/lang/NoSuchMethodError'{0x00000000ff5e6b28}: 'java.lang.Object java.lang.invoke.Invokers$Holder.invokeExact_MT(java.lang.Object, java.lang.Object, java.lang.Object, java.lang.Object)'> (0x00000000ff5e6b28) 
thrown [t:\workspace\open\src\hotspot\share\interpreter\linkResolver.cpp, line 766]
Event: 4.625 Thread 0x0000013f010ac3b0 Exception <a 'java/lang/NoSuchMethodError'{0x00000000ffdc9e90}: 'void java.lang.invoke.DirectMethodHandle$Holder.invokeSpecial(java.lang.Object, java.lang.Object, java.lang.Object)'> (0x00000000ffdc9e90) 
thrown [t:\workspace\open\src\hotspot\share\interpreter\linkResolver.cpp, line 766]
Event: 4.649 Thread 0x0000013f010ac3b0 Implicit null exception at 0x0000013f124f9a0a to 0x0000013f124f9f10
Event: 4.649 Thread 0x0000013f010ac3b0 Implicit null exception at 0x0000013f124dff8a to 0x0000013f124e0498
Event: 4.715 Thread 0x0000013f010ac3b0 Exception <a 'java/lang/NoSuchMethodError'{0x00000000ffb27218}: 'java.lang.Object java.lang.invoke.DirectMethodHandle$Holder.invokeStaticInit(java.lang.Object)'> (0x00000000ffb27218) 
thrown [t:\workspace\open\src\hotspot\share\interpreter\linkResolver.cpp, line 766]
Event: 4.822 Thread 0x0000013f010ac3b0 Exception <a 'java/lang/NoSuchMethodError'{0x00000000ffbc2518}: 'int java.lang.invoke.DirectMethodHandle$Holder.invokeVirtual(java.lang.Object, java.lang.Object, java.lang.Object)'> (0x00000000ffbc2518) 
thrown [t:\workspace\open\src\hotspot\share\interpreter\linkResolver.cpp, line 766]
Event: 4.845 Thread 0x0000013f010ac3b0 Exception <a 'java/lang/NoSuchMethodError'{0x00000000ffa05100}: 'java.lang.Object java.lang.invoke.DirectMethodHandle$Holder.invokeVirtual(java.lang.Object, java.lang.Object, java.lang.Object)'> (0x00000000ffa05100) 
thrown [t:\workspace\open\src\hotspot\share\interpreter\linkResolver.cpp, line 766]
Event: 5.020 Thread 0x0000013f010ac3b0 Exception <a 'java/lang/NoSuchMethodError'{0x00000000ff77a530}: 'java.lang.Object java.lang.invoke.DirectMethodHandle$Holder.invokeStaticInit(java.lang.Object, int, int, int, int)'> (0x00000000ff77a530) 
thrown [t:\workspace\open\src\hotspot\share\interpreter\linkResolver.cpp, line 766]
Event: 5.311 Thread 0x0000013f010ac3b0 Exception <a 'java/lang/NoSuchMethodError'{0x00000000ff6540c8}: 'java.lang.Object java.lang.invoke.DirectMethodHandle$Holder.invokeStaticInit(java.lang.Object, java.lang.Object, int, int, int, int)'> (0x00000000ff6540c8) 
thrown [t:\workspace\open\src\hotspot\share\interpreter\linkResolver.cpp, line 766]
Event: 5.854 Thread 0x0000013f010ac3b0 Exception <a 'java/lang/NoSuchMethodError'{0x00000000ff682c88}: 'void java.lang.invoke.DirectMethodHandle$Holder.invokeStatic(java.lang.Object, java.lang.Object, java.lang.Object)'> (0x00000000ff682c88) 
thrown [t:\workspace\open\src\hotspot\share\interpreter\linkResolver.cpp, line 766]
Event: 5.909 Thread 0x0000013f010ac3b0 Implicit null exception at 0x0000013f124d6972 to 0x0000013f124d6f0c
Event: 5.910 Thread 0x0000013f010ac3b0 Implicit null exception at 0x0000013f124e2272 to 0x0000013f124e2820

VM Operations (20 events):
Event: 211.879 Executing VM operation: Cleanup
Event: 211.879 Executing VM operation: Cleanup done
Event: 212.880 Executing VM operation: Cleanup
Event: 212.880 Executing VM operation: Cleanup done
Event: 214.904 Executing VM operation: Cleanup
Event: 214.904 Executing VM operation: Cleanup done
Event: 215.913 Executing VM operation: Cleanup
Event: 215.913 Executing VM operation: Cleanup done
Event: 221.961 Executing VM operation: Cleanup
Event: 221.961 Executing VM operation: Cleanup done
Event: 224.982 Executing VM operation: Cleanup
Event: 224.982 Executing VM operation: Cleanup done
Event: 225.997 Executing VM operation: Cleanup
Event: 225.997 Executing VM operation: Cleanup done
Event: 227.012 Executing VM operation: Cleanup
Event: 227.012 Executing VM operation: Cleanup done
Event: 228.024 Executing VM operation: Cleanup
Event: 228.024 Executing VM operation: Cleanup done
Event: 228.770 Executing VM operation: G1CollectForAllocation
Event: 228.946 Executing VM operation: G1CollectForAllocation done

Events (20 events):
Event: 46.906 loading class jdk/internal/reflect/ByteVector done
Event: 46.906 loading class jdk/internal/reflect/ByteVectorImpl done
Event: 46.906 loading class jdk/internal/reflect/ClassFileAssembler
Event: 46.908 loading class jdk/internal/reflect/ClassFileAssembler done
Event: 46.908 loading class jdk/internal/reflect/UTF8
Event: 46.909 loading class jdk/internal/reflect/UTF8 done
Event: 46.917 loading class jdk/internal/reflect/Label
Event: 46.917 loading class jdk/internal/reflect/Label done
Event: 46.918 loading class jdk/internal/reflect/Label$PatchInfo
Event: 46.918 loading class jdk/internal/reflect/Label$PatchInfo done
Event: 46.919 loading class jdk/internal/reflect/MethodAccessorGenerator$1
Event: 46.919 loading class jdk/internal/reflect/MethodAccessorGenerator$1 done
Event: 46.920 loading class jdk/internal/reflect/ClassDefiner
Event: 46.921 loading class jdk/internal/reflect/ClassDefiner done
Event: 46.921 loading class jdk/internal/reflect/ClassDefiner$1
Event: 46.921 loading class jdk/internal/reflect/ClassDefiner$1 done
Event: 48.619 loading class jdk/internal/misc/ScopedMemoryAccess$Scope
Event: 48.620 loading class jdk/internal/misc/ScopedMemoryAccess$Scope done
Event: 91.884 loading class java/util/ArrayList$ListItr
Event: 91.893 loading class java/util/ArrayList$ListItr done


Dynamic libraries:
0x00007ff71f710000 - 0x00007ff71f720000 	C:\Program Files\Java\jdk-17.0.2\bin\java.exe
0x00007ffd018b0000 - 0x00007ffd01aa8000 	C:\Windows\SYSTEM32\ntdll.dll
0x00007ffd00910000 - 0x00007ffd009d2000 	C:\Windows\System32\KERNEL32.DLL
0x00007ffcff340000 - 0x00007ffcff63f000 	C:\Windows\System32\KERNELBASE.dll
0x00007ffcff640000 - 0x00007ffcff740000 	C:\Windows\System32\ucrtbase.dll
0x00007ffcedea0000 - 0x00007ffcedeba000 	C:\Program Files\Java\jdk-17.0.2\bin\VCRUNTIME140.dll
0x00007ffcedec0000 - 0x00007ffceded8000 	C:\Program Files\Java\jdk-17.0.2\bin\jli.dll
0x00007ffd01660000 - 0x00007ffd0170f000 	C:\Windows\System32\ADVAPI32.dll
0x00007ffd00110000 - 0x00007ffd001ae000 	C:\Windows\System32\msvcrt.dll
0x00007ffd006c0000 - 0x00007ffd0075f000 	C:\Windows\System32\sechost.dll
0x00007ffd00d00000 - 0x00007ffd00e23000 	C:\Windows\System32\RPCRT4.dll
0x00007ffcff740000 - 0x00007ffcff767000 	C:\Windows\System32\bcrypt.dll
0x00007ffcffd60000 - 0x00007ffcffefd000 	C:\Windows\System32\USER32.dll
0x00007ffcff180000 - 0x00007ffcff1a2000 	C:\Windows\System32\win32u.dll
0x00007ffd001b0000 - 0x00007ffd001db000 	C:\Windows\System32\GDI32.dll
0x00007ffcf1130000 - 0x00007ffcf13ca000 	C:\Windows\WinSxS\amd64_microsoft.windows.common-controls_6595b64144ccf1df_6.0.19041.4355_none_60b8b9eb71f62e16\COMCTL32.dll
0x00007ffcff1b0000 - 0x00007ffcff2ca000 	C:\Windows\System32\gdi32full.dll
0x00007ffcfefa0000 - 0x00007ffcff03d000 	C:\Windows\System32\msvcp_win.dll
0x00007ffcf3190000 - 0x00007ffcf319a000 	C:\Windows\SYSTEM32\VERSION.dll
0x00007ffd01710000 - 0x00007ffd0173f000 	C:\Windows\System32\IMM32.DLL
0x00007ffcfb3f0000 - 0x00007ffcfb3fc000 	C:\Program Files\Java\jdk-17.0.2\bin\vcruntime140_1.dll
0x00007ffce3660000 - 0x00007ffce36ed000 	C:\Program Files\Java\jdk-17.0.2\bin\msvcp140.dll
0x00007ffca7180000 - 0x00007ffca7d41000 	C:\Program Files\Java\jdk-17.0.2\bin\server\jvm.dll
0x00007ffd00cf0000 - 0x00007ffd00cf8000 	C:\Windows\System32\PSAPI.DLL
0x00007ffce9cd0000 - 0x00007ffce9cd9000 	C:\Windows\SYSTEM32\WSOCK32.dll
0x00007ffcee5f0000 - 0x00007ffcee617000 	C:\Windows\SYSTEM32\WINMM.dll
0x00007ffd017d0000 - 0x00007ffd0183b000 	C:\Windows\System32\WS2_32.dll
0x00007ffcfcdd0000 - 0x00007ffcfcde2000 	C:\Windows\SYSTEM32\kernel.appcore.dll
0x00007ffcfb2d0000 - 0x00007ffcfb2da000 	C:\Program Files\Java\jdk-17.0.2\bin\jimage.dll
0x00007ffceee70000 - 0x00007ffcef054000 	C:\Windows\SYSTEM32\DBGHELP.DLL
0x00007ffcedfc0000 - 0x00007ffcedff4000 	C:\Windows\SYSTEM32\dbgcore.DLL
0x00007ffcff0f0000 - 0x00007ffcff172000 	C:\Windows\System32\bcryptPrimitives.dll
0x00007ffcea920000 - 0x00007ffcea945000 	C:\Program Files\Java\jdk-17.0.2\bin\java.dll
0x00007ffcdbdd0000 - 0x00007ffcdbea6000 	C:\Program Files\Java\jdk-17.0.2\bin\jsvml.dll
0x00007ffd00ef0000 - 0x00007ffd0165d000 	C:\Windows\System32\SHELL32.dll
0x00007ffcfcfd0000 - 0x00007ffcfd774000 	C:\Windows\SYSTEM32\windows.storage.dll
0x00007ffcffa00000 - 0x00007ffcffd55000 	C:\Windows\System32\combase.dll
0x00007ffcfe980000 - 0x00007ffcfe9ab000 	C:\Windows\SYSTEM32\Wldp.dll
0x00007ffcfffe0000 - 0x00007ffd000ad000 	C:\Windows\System32\OLEAUT32.dll
0x00007ffd00b10000 - 0x00007ffd00bbd000 	C:\Windows\System32\SHCORE.dll
0x00007ffd000b0000 - 0x00007ffd00105000 	C:\Windows\System32\shlwapi.dll
0x00007ffcfee80000 - 0x00007ffcfeea5000 	C:\Windows\SYSTEM32\profapi.dll
0x00007ffcede80000 - 0x00007ffcede99000 	C:\Program Files\Java\jdk-17.0.2\bin\net.dll
0x00007ffcf7df0000 - 0x00007ffcf7efa000 	C:\Windows\SYSTEM32\WINHTTP.dll
0x00007ffcfe610000 - 0x00007ffcfe67c000 	C:\Windows\system32\mswsock.dll
0x00007ffcede10000 - 0x00007ffcede26000 	C:\Program Files\Java\jdk-17.0.2\bin\nio.dll
0x00007ffcea8c0000 - 0x00007ffcea8d8000 	C:\Program Files\Java\jdk-17.0.2\bin\zip.dll
0x00007ffcfb3a0000 - 0x00007ffcfb3b0000 	C:\Program Files\Java\jdk-17.0.2\bin\verify.dll
0x00007ffcf5cc0000 - 0x00007ffcf5ce7000 	C:\Users\g4gue\.gradle\native\c067742578af261105cb4f569cf0c3c89f3d7b1fecec35dd04571415982c5e48\windows-amd64\native-platform.dll
0x00007ffcfb3b0000 - 0x00007ffcfb3ba000 	C:\Users\g4gue\.gradle\native\jansi\1.18\windows64\jansi.dll
0x00007ffcf8b60000 - 0x00007ffcf8b69000 	C:\Program Files\Java\jdk-17.0.2\bin\management.dll
0x00007ffcf8b50000 - 0x00007ffcf8b5b000 	C:\Program Files\Java\jdk-17.0.2\bin\management_ext.dll
0x00007ffcfe870000 - 0x00007ffcfe888000 	C:\Windows\SYSTEM32\CRYPTSP.dll
0x00007ffcfdf30000 - 0x00007ffcfdf68000 	C:\Windows\system32\rsaenh.dll
0x00007ffcfee00000 - 0x00007ffcfee2e000 	C:\Windows\SYSTEM32\USERENV.dll
0x00007ffcfe860000 - 0x00007ffcfe86c000 	C:\Windows\SYSTEM32\CRYPTBASE.dll
0x00007ffcfe2f0000 - 0x00007ffcfe32b000 	C:\Windows\SYSTEM32\IPHLPAPI.DLL
0x00007ffd01860000 - 0x00007ffd01868000 	C:\Windows\System32\NSI.dll
0x00007ffcf9000000 - 0x00007ffcf9017000 	C:\Windows\SYSTEM32\dhcpcsvc6.DLL
0x00007ffcf8f20000 - 0x00007ffcf8f3d000 	C:\Windows\SYSTEM32\dhcpcsvc.DLL
0x00007ffcfe330000 - 0x00007ffcfe3fa000 	C:\Windows\SYSTEM32\DNSAPI.dll
0x00007ffcf8b40000 - 0x00007ffcf8b4e000 	C:\Program Files\Java\jdk-17.0.2\bin\sunmscapi.dll
0x00007ffcff770000 - 0x00007ffcff8cc000 	C:\Windows\System32\CRYPT32.dll
0x00007ffcfe9f0000 - 0x00007ffcfea17000 	C:\Windows\SYSTEM32\ncrypt.dll
0x00007ffcfe9b0000 - 0x00007ffcfe9eb000 	C:\Windows\SYSTEM32\NTASN1.dll
0x00007ffcfb330000 - 0x00007ffcfb337000 	C:\Windows\system32\wshunix.dll

dbghelp: loaded successfully - version: 4.0.5 - missing functions: none
symbol engine: initialized successfully - sym options: 0x614 - pdb path: .;C:\Program Files\Java\jdk-17.0.2\bin;C:\Windows\SYSTEM32;C:\Windows\WinSxS\amd64_microsoft.windows.common-controls_6595b64144ccf1df_6.0.19041.4355_none_60b8b9eb71f62e16;C:\Program Files\Java\jdk-17.0.2\bin\server;C:\Users\g4gue\.gradle\native\c067742578af261105cb4f569cf0c3c89f3d7b1fecec35dd04571415982c5e48\windows-amd64;C:\Users\g4gue\.gradle\native\jansi\1.18\windows64

VM Arguments:
jvm_args: -Xmx64m -Xms64m -Dorg.gradle.appname=gradlew 
java_command: org.gradle.wrapper.GradleWrapperMain app:installDebug -PreactNativeDevServerPort=8081
java_class_path (initial): C:\Users\g4gue\Desktop\X_C_M\Mobile\android\\gradle\wrapper\gradle-wrapper.jar
Launcher Type: SUN_STANDARD

[Global flags]
     intx CICompilerCount                          = 3                                         {product} {ergonomic}
     uint ConcGCThreads                            = 1                                         {product} {ergonomic}
     uint G1ConcRefinementThreads                  = 4                                         {product} {ergonomic}
   size_t G1HeapRegionSize                         = 1048576                                   {product} {ergonomic}
    uintx GCDrainStackTargetSize                   = 64                                        {product} {ergonomic}
   size_t InitialHeapSize                          = 67108864                                  {product} {command line}
   size_t MarkStackSize                            = 4194304                                   {product} {ergonomic}
   size_t MaxHeapSize                              = 67108864                                  {product} {command line}
   size_t MaxNewSize                               = 39845888                                  {product} {ergonomic}
   size_t MinHeapDeltaBytes                        = 1048576                                   {product} {ergonomic}
   size_t MinHeapSize                              = 67108864                                  {product} {command line}
    uintx NonNMethodCodeHeapSize                   = 5832780                                {pd product} {ergonomic}
    uintx NonProfiledCodeHeapSize                  = 122912730                              {pd product} {ergonomic}
    uintx ProfiledCodeHeapSize                     = 122912730                              {pd product} {ergonomic}
    uintx ReservedCodeCacheSize                    = 251658240                              {pd product} {ergonomic}
     bool SegmentedCodeCache                       = true                                      {product} {ergonomic}
   size_t SoftMaxHeapSize                          = 67108864                               {manageable} {ergonomic}
     bool UseCompressedClassPointers               = true                           {product lp64_product} {ergonomic}
     bool UseCompressedOops                        = true                           {product lp64_product} {ergonomic}
     bool UseG1GC                                  = true                                      {product} {ergonomic}
     bool UseLargePagesIndividualAllocation        = false                                  {pd product} {ergonomic}

Logging:
Log output configuration:
 #0: stdout all=warning uptime,level,tags
 #1: stderr all=off uptime,level,tags

Environment Variables:
JAVA_HOME=C:\Program Files\Java\jdk-17.0.2
CLASSPATH=C:\Users\g4gue\Desktop\X_C_M\Mobile\android\\gradle\wrapper\gradle-wrapper.jar
PATH=C:\Users\g4gue\Desktop\X_C_M\Mobile\node_modules\.bin;C:\Users\g4gue\Desktop\X_C_M\node_modules\.bin;C:\Users\g4gue\Desktop\node_modules\.bin;C:\Users\g4gue\node_modules\.bin;C:\Users\node_modules\.bin;C:\node_modules\.bin;C:\Users\g4gue\AppData\Roaming\nvm\v18.17.1\node_modules\npm\node_modules\@npmcli\run-script\lib\node-gyp-bin;C:\Program Files\Java\jdk-17.0.2\bin;C:\Program Files\Java\jdk-17.0.2\bin;C:\Program Files\Java\jdk-17.0.2\bin;C:\Program Files\Common Files\Oracle\Java\javapath;C:\Program Files (x86)\Common Files\Oracle\Java\java8path;C:\Program Files (x86)\Common Files\Oracle\Java\javapath;C:\Windows\system32;C:\Windows;C:\Windows\System32\Wbem;C:\Windows\System32\WindowsPowerShell\v1.0\;C:\Windows\System32\OpenSSH\;C:\Program Files\Git\cmd;C:\Program Files\PuTTY\;C:\Program Files\MongoDB\Server\7.0\bin;C:\Users\g4gue\AppData\Roaming\nvm;C:\Program Files\nodejs;C:\Program Files\WireGuard\;C:\Program Files\Java\jdk-17.0.2\bin;C:\Program Files\MySQL\MySQL Server 8.4\bin;C:\Program Files\mongodb-database-tools-windows-x86_64-100.11.0\bin;C:\Users\g4gue\AppData\Local\Microsoft\WindowsApps;C:\Users\g4gue\AppData\Local\Programs\Microsoft VS Code\bin;C:\Users\g4gue\AppData\Local\GitHubDesktop\bin;C:\Program Files (x86)\Java\jre1.8.0_211\bin;C:\Users\g4gue\AppData\Roaming\nvm;C:\Program Files\nodejs
USERNAME=g4gue
LANG=en_US.UTF-8
OS=Windows_NT
PROCESSOR_IDENTIFIER=Intel64 Family 6 Model 58 Stepping 9, GenuineIntel



---------------  S Y S T E M  ---------------

OS:
 Windows 10 , 64 bit Build 19041 (10.0.19041.5438)
OS uptime: 2 days 7:42 hours

CPU: total 4 (initial active 4) (2 cores per cpu, 2 threads per core) family 6 model 58 stepping 9 microcode 0x21, cx8, cmov, fxsr, ht, mmx, sse, sse2, sse3, ssse3, sse4.1, sse4.2, popcnt, tsc, tscinvbit, avx, erms, clmul, vzeroupper, clflush

Memory: 4k page, system-wide physical 3969M (135M free)
TotalPageFile size 16257M (AvailPageFile size 0M)
current process WorkingSet (physical memory assigned to process): 54M, peak: 81M
current process commit charge ("private bytes"): 165M, peak: 175M

vm_info: Java HotSpot(TM) 64-Bit Server VM (17.0.2+8-LTS-86) for windows-amd64 JRE (17.0.2+8-LTS-86), built on Dec  7 2021 21:51:03 by "mach5one" with MS VC++ 16.8 / 16.9 (VS2019)

END.
